<?xml version="1.0" encoding="UTF-8"?>
<!-- Generated by org.testng.reporters.JUnitXMLReporter -->
<testsuite ignored="0" hostname="rohit" failures="0" tests="4" name="Surefire test" time="5.189" errors="0" timestamp="2026-04-23T13:22:18 IST">
  <testcase classname="tests.UserTests" name="getUsers" time="2.31"/>
  <testcase classname="tests.UserTests" name="createUser" time="0.611"/>
  <testcase classname="tests.UserTests" name="updateUser" time="0.962"/>
  <testcase classname="tests.UserTests" name="deleteUser" time="0.94"/>
</testsuite> <!-- Surefire test -->
