<?xml version="1.0" encoding="UTF-8"?>
<testng-results ignored="0" total="4" passed="4" failed="0" skipped="0">
  <reporter-output>
  </reporter-output>
  <suite started-at="2026-04-23T12:55:24 IST" name="Surefire suite" finished-at="2026-04-23T12:55:29 IST" duration-ms="4750">
    <groups>
    </groups>
    <test started-at="2026-04-23T12:55:24 IST" name="Surefire test" finished-at="2026-04-23T12:55:29 IST" duration-ms="4750">
      <class name="tests.UserTests">
        <test-method is-config="true" signature="setup()[pri:0, instance:tests.UserTests@4df50bcc]" started-at="2026-04-23T12:55:24 IST" name="setup" finished-at="2026-04-23T12:55:24 IST" duration-ms="285" status="PASS">
          <reporter-output>
          </reporter-output>
        </test-method> <!-- setup -->
        <test-method signature="getUsers()[pri:1, instance:tests.UserTests@4df50bcc]" started-at="2026-04-23T12:55:24 IST" name="getUsers" finished-at="2026-04-23T12:55:26 IST" duration-ms="2216" status="PASS">
          <reporter-output>
          </reporter-output>
        </test-method> <!-- getUsers -->
        <test-method signature="createUser()[pri:2, instance:tests.UserTests@4df50bcc]" started-at="2026-04-23T12:55:26 IST" name="createUser" finished-at="2026-04-23T12:55:27 IST" duration-ms="872" status="PASS">
          <reporter-output>
          </reporter-output>
        </test-method> <!-- createUser -->
        <test-method signature="updateUser()[pri:3, instance:tests.UserTests@4df50bcc]" started-at="2026-04-23T12:55:27 IST" name="updateUser" finished-at="2026-04-23T12:55:28 IST" duration-ms="695" status="PASS">
          <reporter-output>
          </reporter-output>
        </test-method> <!-- updateUser -->
        <test-method signature="deleteUser()[pri:4, instance:tests.UserTests@4df50bcc]" started-at="2026-04-23T12:55:28 IST" name="deleteUser" finished-at="2026-04-23T12:55:29 IST" duration-ms="643" status="PASS">
          <reporter-output>
          </reporter-output>
        </test-method> <!-- deleteUser -->
      </class> <!-- tests.UserTests -->
    </test> <!-- Surefire test -->
  </suite> <!-- Surefire suite -->
</testng-results>
