<?xml version="1.0" encoding="UTF-8"?>
<!-- Generated by org.testng.reporters.JUnitReportReporter -->
<testsuite hostname="rohit" failures="0" tests="4" name="tests.UserTests" time="4.426" errors="0" timestamp="2026-04-23T12:55:29 IST" skipped="0">
  <testcase classname="tests.UserTests" name="getUsers" time="2.216"/>
  <testcase classname="tests.UserTests" name="createUser" time="0.872"/>
  <testcase classname="tests.UserTests" name="updateUser" time="0.695"/>
  <testcase classname="tests.UserTests" name="deleteUser" time="0.643"/>
</testsuite> <!-- tests.UserTests -->
