<?xml version="1.0" encoding="UTF-8"?>
<!-- Generated by org.testng.reporters.JUnitReportReporter -->
<testsuite hostname="rohit" failures="0" tests="4" name="tests.UserTests" time="4.771" errors="0" timestamp="2026-04-24T00:48:57 IST" skipped="0">
  <testcase classname="tests.UserTests" name="getUsers" time="2.430"/>
  <testcase classname="tests.UserTests" name="createUser" time="0.804"/>
  <testcase classname="tests.UserTests" name="updateUser" time="0.965"/>
  <testcase classname="tests.UserTests" name="deleteUser" time="0.572"/>
</testsuite> <!-- tests.UserTests -->
